[debug] [2022-05-10T06:52:27.076Z] ----------------------------------------------------------------------
[debug] [2022-05-10T06:52:27.083Z] Command:       C:\Program Files\nodejs\node.exe C:\Users\om\AppData\Roaming\npm\node_modules\firebase-tools\lib\bin\firebase.js init
[debug] [2022-05-10T06:52:27.084Z] CLI Version:   10.8.0
[debug] [2022-05-10T06:52:27.085Z] Platform:      win32
[debug] [2022-05-10T06:52:27.085Z] Node Version:  v16.13.0
[debug] [2022-05-10T06:52:27.105Z] Time:          Tue May 10 2022 12:22:27 GMT+0530 (India Standard Time)
[debug] [2022-05-10T06:52:27.106Z] ----------------------------------------------------------------------
[debug] 
[debug] [2022-05-10T06:52:27.266Z] > command requires scopes: ["email","openid","https://www.googleapis.com/auth/cloudplatformprojects.readonly","https://www.googleapis.com/auth/firebase","https://www.googleapis.com/auth/cloud-platform"]
[debug] [2022-05-10T06:52:27.267Z] > authorizing via signed-in user (guptaaryan0510@gmail.com)
[info] 
     ######## #### ########  ######## ########     ###     ######  ########
     ##        ##  ##     ## ##       ##     ##  ##   ##  ##       ##
     ######    ##  ########  ######   ########  #########  ######  ######
     ##        ##  ##    ##  ##       ##     ## ##     ##       ## ##
     ##       #### ##     ## ######## ########  ##     ##  ######  ########

You're about to initialize a Firebase project in this directory:

  C:\Users\om\Desktop\projects aryan\Portfolio website\portfolio

Before we get started, keep in mind:

  * You are initializing within an existing Firebase project directory

